2025-05-04 23:59:21 - INFO - ==================================================
2025-05-04 23:59:21 - INFO - 로깅 시스템 시작
2025-05-04 23:59:21 - INFO - ==================================================
2025-05-04 23:59:21 - INFO - --- 트레이딩 봇 시작 (개선 버전) ---
2025-05-04 23:59:21 - INFO - 설정 로드 완료: Symbol=XRPUSDT, OrderUSDT=6.0, Entry=0.10%, TP=1.00%, SL=0.50%
2025-05-04 23:59:21 - INFO - 바이낸스 Real Server 연결 시도...
2025-05-04 23:59:21 - INFO - 바이낸스 Real Server 연결 성공.
2025-05-04 23:59:21 - INFO - XRPUSDT 거래 규칙 로드 완료.
2025-05-04 23:59:21 - INFO - 로드 상태: Pos=NONE, Entry=None, Amt=0.0, Base=None, Bal=0.00
2025-05-04 23:59:21 - INFO - 메인 루프 시작...
2025-05-04 23:59:21 - INFO - 기준 가격 초기화 (진입 탐색용): 2.1901
2025-05-05 00:00:23 - INFO - 잔고 업데이트: 72.22 USDT
2025-05-05 00:01:02 - INFO - 
--- 프로그램 종료 요청됨 ---
2025-05-05 00:01:02 - INFO - 봇 상태 최종 저장 시도...
2025-05-05 00:01:02 - INFO - --- 봇 종료 완료 ---
2025-05-05 00:01:12 - INFO - ==================================================
2025-05-05 00:01:12 - INFO - 로깅 시스템 시작
2025-05-05 00:01:12 - INFO - ==================================================
2025-05-05 00:01:12 - INFO - --- 트레이딩 봇 시작 (개선 버전) ---
2025-05-05 00:01:12 - INFO - 설정 로드 완료: Symbol=XRPUSDT, OrderUSDT=6.0, Entry=0.10%, TP=1.00%, SL=0.50%
2025-05-05 00:01:12 - INFO - 바이낸스 Real Server 연결 시도...
2025-05-05 00:01:13 - INFO - 바이낸스 Real Server 연결 성공.
2025-05-05 00:01:13 - INFO - XRPUSDT 거래 규칙 로드 완료.
2025-05-05 00:01:13 - INFO - 로드 상태: Pos=NONE, Entry=None, Amt=0.0, Base=None, Bal=0.00
2025-05-05 00:01:13 - INFO - 메인 루프 시작...
2025-05-05 00:01:13 - INFO - 기준 가격 초기화 (진입 탐색용): 2.1894
2025-05-05 00:02:14 - INFO - 잔고 업데이트: 72.22 USDT
2025-05-05 00:03:20 - INFO - 
--- 프로그램 종료 요청됨 ---
2025-05-05 00:03:20 - INFO - 봇 상태 최종 저장 시도...
2025-05-05 00:03:20 - INFO - --- 봇 종료 완료 ---
2025-05-05 00:04:08 - INFO - ==================================================
2025-05-05 00:04:08 - INFO - 로깅 시스템 시작
2025-05-05 00:04:08 - INFO - ==================================================
2025-05-05 00:04:08 - INFO - --- 트레이딩 봇 시작 (개선 버전) ---
2025-05-05 00:04:08 - INFO - 설정 로드 완료: Symbol=XRPUSDT, OrderUSDT=6.0, Entry=0.10%, TP=1.00%, SL=0.50%
2025-05-05 00:04:08 - INFO - 바이낸스 Real Server 연결 시도...
2025-05-05 00:04:08 - INFO - 바이낸스 Real Server 연결 성공.
2025-05-05 00:04:08 - INFO - XRPUSDT 거래 규칙 로드 완료.
2025-05-05 00:04:08 - INFO - 로드 상태: Pos=NONE, Entry=None, Amt=0.0, Base=None, Bal=0.00
2025-05-05 00:04:08 - INFO - 메인 루프 시작...
2025-05-05 00:04:08 - INFO - 기준 가격 초기화 (진입 탐색용): 2.1924
2025-05-05 00:04:57 - INFO - 
--- 프로그램 종료 요청됨 ---
2025-05-05 00:04:57 - INFO - 봇 상태 최종 저장 시도...
2025-05-05 00:04:57 - INFO - --- 봇 종료 완료 ---
